2020-12-01 10:29:28.037 - Info	
Packing C:\Users\TSturgeon\source\repos\PCFComponents\FluentUIAppointmentPicker\FluentUIAppointmentPicker\Solutions\obj\Debug\Metadata to bin\Debug\Solutions.zip

2020-12-01 10:29:28.069 - Info	Processing Component: Entities
2020-12-01 10:29:28.072 - Info	Processing Component: Roles
2020-12-01 10:29:28.075 - Info	Processing Component: Workflows
2020-12-01 10:29:28.075 - Info	Processing Component: FieldSecurityProfiles
2020-12-01 10:29:28.075 - Info	Processing Component: Templates
2020-12-01 10:29:28.075 - Info	Processing Component: EntityMaps
2020-12-01 10:29:28.076 - Info	Processing Component: EntityRelationships
2020-12-01 10:29:28.079 - Info	Processing Component: OrganizationSettings
2020-12-01 10:29:28.080 - Info	Processing Component: optionsets
2020-12-01 10:29:28.080 - Info	Processing Component: CustomControls
2020-12-01 10:29:28.088 - Info	 - Tim.FluentUIAppointmentPicker
2020-12-01 10:29:28.346 - Info	Processing Component: SolutionPluginAssemblies
2020-12-01 10:29:28.349 - Info	Processing Component: EntityDataProviders
2020-12-01 10:29:28.495 - Info	
Unmanaged Pack complete.

2020-12-01 10:30:51.000 - Info	
Packing C:\Users\TSturgeon\source\repos\PCFComponents\FluentUIAppointmentPicker\FluentUIAppointmentPicker\Solutions\obj\Debug\Metadata to bin\Debug\Solutions.zip

2020-12-01 10:30:51.019 - Info	Processing Component: Entities
2020-12-01 10:30:51.026 - Info	Processing Component: Roles
2020-12-01 10:30:51.027 - Info	Processing Component: Workflows
2020-12-01 10:30:51.027 - Info	Processing Component: FieldSecurityProfiles
2020-12-01 10:30:51.027 - Info	Processing Component: Templates
2020-12-01 10:30:51.028 - Info	Processing Component: EntityMaps
2020-12-01 10:30:51.028 - Info	Processing Component: EntityRelationships
2020-12-01 10:30:51.032 - Info	Processing Component: OrganizationSettings
2020-12-01 10:30:51.033 - Info	Processing Component: optionsets
2020-12-01 10:30:51.033 - Info	Processing Component: CustomControls
2020-12-01 10:30:51.035 - Info	 - Tim.FluentUIAppointmentPicker
2020-12-01 10:30:51.185 - Info	Processing Component: SolutionPluginAssemblies
2020-12-01 10:30:51.192 - Info	Processing Component: EntityDataProviders
2020-12-01 10:30:51.244 - Info	
Unmanaged Pack complete.

2020-12-01 15:15:32.963 - Info	
Packing C:\Users\TSturgeon\source\repos\PCFComponents\FluentUIAppointmentPicker\FluentUIAppointmentPicker\Solutions\obj\Debug\Metadata to bin\Debug\Solutions.zip

2020-12-01 15:15:32.991 - Info	Processing Component: Entities
2020-12-01 15:15:32.993 - Info	Processing Component: Roles
2020-12-01 15:15:32.995 - Info	Processing Component: Workflows
2020-12-01 15:15:32.995 - Info	Processing Component: FieldSecurityProfiles
2020-12-01 15:15:32.996 - Info	Processing Component: Templates
2020-12-01 15:15:32.996 - Info	Processing Component: EntityMaps
2020-12-01 15:15:32.996 - Info	Processing Component: EntityRelationships
2020-12-01 15:15:33.008 - Info	Processing Component: OrganizationSettings
2020-12-01 15:15:33.008 - Info	Processing Component: optionsets
2020-12-01 15:15:33.009 - Info	Processing Component: CustomControls
2020-12-01 15:15:33.029 - Info	 - Tim.FluentUIAppointmentPicker
2020-12-01 15:15:33.217 - Info	Processing Component: SolutionPluginAssemblies
2020-12-01 15:15:33.218 - Info	Processing Component: EntityDataProviders
2020-12-01 15:15:33.286 - Info	
Unmanaged Pack complete.

2020-12-01 15:36:09.606 - Info	
Packing C:\Users\TSturgeon\source\repos\PCFComponents\FluentUIAppointmentPicker\FluentUIAppointmentPicker\Solutions\obj\Debug\Metadata to bin\Debug\Solutions.zip

2020-12-01 15:36:09.629 - Info	Processing Component: Entities
2020-12-01 15:36:09.631 - Info	Processing Component: Roles
2020-12-01 15:36:09.633 - Info	Processing Component: Workflows
2020-12-01 15:36:09.633 - Info	Processing Component: FieldSecurityProfiles
2020-12-01 15:36:09.633 - Info	Processing Component: Templates
2020-12-01 15:36:09.634 - Info	Processing Component: EntityMaps
2020-12-01 15:36:09.634 - Info	Processing Component: EntityRelationships
2020-12-01 15:36:09.645 - Info	Processing Component: OrganizationSettings
2020-12-01 15:36:09.646 - Info	Processing Component: optionsets
2020-12-01 15:36:09.646 - Info	Processing Component: CustomControls
2020-12-01 15:36:09.667 - Info	 - Tim.FluentUIAppointmentPicker
2020-12-01 15:36:09.836 - Info	Processing Component: SolutionPluginAssemblies
2020-12-01 15:36:09.837 - Info	Processing Component: EntityDataProviders
2020-12-01 15:36:09.897 - Info	
Unmanaged Pack complete.

2020-12-01 15:39:48.059 - Info	
Packing C:\Users\TSturgeon\source\repos\PCFComponents\FluentUIAppointmentPicker\FluentUIAppointmentPicker\Solutions\obj\Debug\Metadata to bin\Debug\Solutions.zip

2020-12-01 15:39:48.076 - Info	Processing Component: Entities
2020-12-01 15:39:48.078 - Info	Processing Component: Roles
2020-12-01 15:39:48.080 - Info	Processing Component: Workflows
2020-12-01 15:39:48.080 - Info	Processing Component: FieldSecurityProfiles
2020-12-01 15:39:48.080 - Info	Processing Component: Templates
2020-12-01 15:39:48.080 - Info	Processing Component: EntityMaps
2020-12-01 15:39:48.080 - Info	Processing Component: EntityRelationships
2020-12-01 15:39:48.089 - Info	Processing Component: OrganizationSettings
2020-12-01 15:39:48.090 - Info	Processing Component: optionsets
2020-12-01 15:39:48.090 - Info	Processing Component: CustomControls
2020-12-01 15:39:48.109 - Info	 - Tim.FluentUIAppointmentPicker
2020-12-01 15:39:48.262 - Info	Processing Component: SolutionPluginAssemblies
2020-12-01 15:39:48.263 - Info	Processing Component: EntityDataProviders
2020-12-01 15:39:48.317 - Info	
Unmanaged Pack complete.

2020-12-01 15:47:59.325 - Info	
Packing C:\Users\TSturgeon\source\repos\PCFComponents\FluentUIAppointmentPicker\FluentUIAppointmentPicker\Solutions\obj\Debug\Metadata to bin\Debug\Solutions.zip

2020-12-01 15:47:59.356 - Info	Processing Component: Entities
2020-12-01 15:47:59.359 - Info	Processing Component: Roles
2020-12-01 15:47:59.361 - Info	Processing Component: Workflows
2020-12-01 15:47:59.361 - Info	Processing Component: FieldSecurityProfiles
2020-12-01 15:47:59.361 - Info	Processing Component: Templates
2020-12-01 15:47:59.362 - Info	Processing Component: EntityMaps
2020-12-01 15:47:59.362 - Info	Processing Component: EntityRelationships
2020-12-01 15:47:59.376 - Info	Processing Component: OrganizationSettings
2020-12-01 15:47:59.376 - Info	Processing Component: optionsets
2020-12-01 15:47:59.376 - Info	Processing Component: CustomControls
2020-12-01 15:47:59.405 - Info	 - Tim.FluentUIAppointmentPicker
2020-12-01 15:47:59.573 - Info	Processing Component: SolutionPluginAssemblies
2020-12-01 15:47:59.573 - Info	Processing Component: EntityDataProviders
2020-12-01 15:47:59.629 - Info	
Unmanaged Pack complete.

2020-12-01 15:52:21.868 - Info	
Packing C:\Users\TSturgeon\source\repos\PCFComponents\FluentUIAppointmentPicker\FluentUIAppointmentPicker\Solutions\obj\Debug\Metadata to bin\Debug\Solutions.zip

2020-12-01 15:52:21.877 - Info	Processing Component: Entities
2020-12-01 15:52:21.879 - Info	Processing Component: Roles
2020-12-01 15:52:21.881 - Info	Processing Component: Workflows
2020-12-01 15:52:21.881 - Info	Processing Component: FieldSecurityProfiles
2020-12-01 15:52:21.881 - Info	Processing Component: Templates
2020-12-01 15:52:21.882 - Info	Processing Component: EntityMaps
2020-12-01 15:52:21.882 - Info	Processing Component: EntityRelationships
2020-12-01 15:52:21.886 - Info	Processing Component: OrganizationSettings
2020-12-01 15:52:21.887 - Info	Processing Component: optionsets
2020-12-01 15:52:21.887 - Info	Processing Component: CustomControls
2020-12-01 15:52:21.899 - Info	 - Tim.FluentUIAppointmentPicker
2020-12-01 15:52:22.054 - Info	Processing Component: SolutionPluginAssemblies
2020-12-01 15:52:22.054 - Info	Processing Component: EntityDataProviders
2020-12-01 15:52:22.112 - Info	
Unmanaged Pack complete.

2020-12-01 16:00:33.094 - Info	
Packing C:\Users\TSturgeon\source\repos\PCFComponents\FluentUIAppointmentPicker\FluentUIAppointmentPicker\Solutions\obj\Debug\Metadata to bin\Debug\Solutions.zip

2020-12-01 16:00:33.104 - Info	Processing Component: Entities
2020-12-01 16:00:33.107 - Info	Processing Component: Roles
2020-12-01 16:00:33.109 - Info	Processing Component: Workflows
2020-12-01 16:00:33.109 - Info	Processing Component: FieldSecurityProfiles
2020-12-01 16:00:33.109 - Info	Processing Component: Templates
2020-12-01 16:00:33.109 - Info	Processing Component: EntityMaps
2020-12-01 16:00:33.110 - Info	Processing Component: EntityRelationships
2020-12-01 16:00:33.120 - Info	Processing Component: OrganizationSettings
2020-12-01 16:00:33.121 - Info	Processing Component: optionsets
2020-12-01 16:00:33.121 - Info	Processing Component: CustomControls
2020-12-01 16:00:33.133 - Info	 - Tim.FluentUIAppointmentPicker
2020-12-01 16:00:33.285 - Info	Processing Component: SolutionPluginAssemblies
2020-12-01 16:00:33.286 - Info	Processing Component: EntityDataProviders
2020-12-01 16:00:33.339 - Info	
Unmanaged Pack complete.

2020-12-01 16:06:43.841 - Info	
Packing C:\Users\TSturgeon\source\repos\PCFComponents\FluentUIAppointmentPicker\FluentUIAppointmentPicker\Solutions\obj\Debug\Metadata to bin\Debug\Solutions.zip

2020-12-01 16:06:43.852 - Info	Processing Component: Entities
2020-12-01 16:06:43.854 - Info	Processing Component: Roles
2020-12-01 16:06:43.856 - Info	Processing Component: Workflows
2020-12-01 16:06:43.857 - Info	Processing Component: FieldSecurityProfiles
2020-12-01 16:06:43.857 - Info	Processing Component: Templates
2020-12-01 16:06:43.857 - Info	Processing Component: EntityMaps
2020-12-01 16:06:43.857 - Info	Processing Component: EntityRelationships
2020-12-01 16:06:43.861 - Info	Processing Component: OrganizationSettings
2020-12-01 16:06:43.861 - Info	Processing Component: optionsets
2020-12-01 16:06:43.862 - Info	Processing Component: CustomControls
2020-12-01 16:06:43.873 - Info	 - Tim.FluentUIAppointmentPicker
2020-12-01 16:06:44.127 - Info	Processing Component: SolutionPluginAssemblies
2020-12-01 16:06:44.128 - Info	Processing Component: EntityDataProviders
2020-12-01 16:06:44.273 - Info	
Unmanaged Pack complete.

2020-12-01 16:07:08.234 - Info	
Packing C:\Users\TSturgeon\source\repos\PCFComponents\FluentUIAppointmentPicker\FluentUIAppointmentPicker\Solutions\obj\Debug\Metadata to bin\Debug\Solutions.zip

2020-12-01 16:07:08.243 - Info	Processing Component: Entities
2020-12-01 16:07:08.246 - Info	Processing Component: Roles
2020-12-01 16:07:08.249 - Info	Processing Component: Workflows
2020-12-01 16:07:08.249 - Info	Processing Component: FieldSecurityProfiles
2020-12-01 16:07:08.250 - Info	Processing Component: Templates
2020-12-01 16:07:08.250 - Info	Processing Component: EntityMaps
2020-12-01 16:07:08.251 - Info	Processing Component: EntityRelationships
2020-12-01 16:07:08.255 - Info	Processing Component: OrganizationSettings
2020-12-01 16:07:08.255 - Info	Processing Component: optionsets
2020-12-01 16:07:08.256 - Info	Processing Component: CustomControls
2020-12-01 16:07:08.262 - Info	 - Tim.FluentUIAppointmentPicker
2020-12-01 16:07:08.418 - Info	Processing Component: SolutionPluginAssemblies
2020-12-01 16:07:08.419 - Info	Processing Component: EntityDataProviders
2020-12-01 16:07:08.473 - Info	
Unmanaged Pack complete.

2020-12-01 16:11:40.100 - Info	
Packing C:\Users\TSturgeon\source\repos\PCFComponents\FluentUIAppointmentPicker\FluentUIAppointmentPicker\Solutions\obj\Debug\Metadata to bin\Debug\Solutions.zip

2020-12-01 16:11:40.111 - Info	Processing Component: Entities
2020-12-01 16:11:40.113 - Info	Processing Component: Roles
2020-12-01 16:11:40.115 - Info	Processing Component: Workflows
2020-12-01 16:11:40.115 - Info	Processing Component: FieldSecurityProfiles
2020-12-01 16:11:40.115 - Info	Processing Component: Templates
2020-12-01 16:11:40.116 - Info	Processing Component: EntityMaps
2020-12-01 16:11:40.116 - Info	Processing Component: EntityRelationships
2020-12-01 16:11:40.120 - Info	Processing Component: OrganizationSettings
2020-12-01 16:11:40.120 - Info	Processing Component: optionsets
2020-12-01 16:11:40.120 - Info	Processing Component: CustomControls
2020-12-01 16:11:40.131 - Info	 - Tim.FluentUIAppointmentPicker
2020-12-01 16:11:40.287 - Info	Processing Component: SolutionPluginAssemblies
2020-12-01 16:11:40.288 - Info	Processing Component: EntityDataProviders
2020-12-01 16:11:40.340 - Info	
Unmanaged Pack complete.

2020-12-01 16:13:43.324 - Info	
Packing C:\Users\TSturgeon\source\repos\PCFComponents\FluentUIAppointmentPicker\FluentUIAppointmentPicker\Solutions\obj\Debug\Metadata to bin\Debug\Solutions.zip

2020-12-01 16:13:43.334 - Info	Processing Component: Entities
2020-12-01 16:13:43.336 - Info	Processing Component: Roles
2020-12-01 16:13:43.338 - Info	Processing Component: Workflows
2020-12-01 16:13:43.338 - Info	Processing Component: FieldSecurityProfiles
2020-12-01 16:13:43.339 - Info	Processing Component: Templates
2020-12-01 16:13:43.339 - Info	Processing Component: EntityMaps
2020-12-01 16:13:43.339 - Info	Processing Component: EntityRelationships
2020-12-01 16:13:43.344 - Info	Processing Component: OrganizationSettings
2020-12-01 16:13:43.345 - Info	Processing Component: optionsets
2020-12-01 16:13:43.345 - Info	Processing Component: CustomControls
2020-12-01 16:13:43.358 - Info	 - Tim.FluentUIAppointmentPicker
2020-12-01 16:13:43.506 - Info	Processing Component: SolutionPluginAssemblies
2020-12-01 16:13:43.506 - Info	Processing Component: EntityDataProviders
2020-12-01 16:13:43.560 - Info	
Unmanaged Pack complete.

